<?xml version="1.0" encoding="UTF-8" ?>
<testsuite errors="1" failures="0" hostname="shwetambara-VPCEH3AEN" name="Test2.java" tests="1" time="0.0" timestamp="2014-06-17T08:05:07">
  <properties>
    <property name="ant.project.invoked-targets" value="junit" />
    <property name="java.runtime.name" value="OpenJDK Runtime Environment" />
    <property name="sun.boot.library.path" value="/usr/lib/jvm/java-7-openjdk-i386/jre/lib/i386" />
    <property name="java.vm.version" value="23.2-b09" />
    <property name="ant.library.dir" value="/home/shwetambara/eclipse/plugins/org.apache.ant_1.8.4.v201303080030/lib" />
    <property name="ant.version" value="Apache Ant(TM) version 1.8.4 compiled on May 22 2012" />
    <property name="ant.java.version" value="1.7" />
    <property name="java.vm.vendor" value="Oracle Corporation" />
    <property name="java.vendor.url" value="http://java.oracle.com/" />
    <property name="path.separator" value=":" />
    <property name="java.vm.name" value="OpenJDK Server VM" />
    <property name="file.encoding.pkg" value="sun.io" />
    <property name="user.country" value="IN" />
    <property name="sun.java.launcher" value="SUN_STANDARD" />
    <property name="sun.os.patch.level" value="unknown" />
    <property name="java.vm.specification.name" value="Java Virtual Machine Specification" />
    <property name="user.dir" value="/home/shwetambara/workspace/AUT/src/myTests" />
    <property name="java.runtime.version" value="1.7.0_09-b30" />
    <property name="java.awt.graphicsenv" value="sun.awt.X11GraphicsEnvironment" />
    <property name="eclipse.pdebuild.scripts" value="/home/shwetambara/eclipse/plugins/org.eclipse.pde.build_3.8.100.v20130514-1028/scripts//" />
    <property name="basedir" value="/home/shwetambara/workspace/AUT/src/myTests" />
    <property name="java.endorsed.dirs" value="/usr/lib/jvm/java-7-openjdk-i386/jre/lib/endorsed" />
    <property name="os.arch" value="i386" />
    <property name="ant.project.default-target" value="junit" />
    <property name="java.io.tmpdir" value="/tmp" />
    <property name="ant.core.lib" value="/home/shwetambara/eclipse/plugins/org.apache.ant_1.8.4.v201303080030/lib/ant.jar" />
    <property name="line.separator" value="&#xa;" />
    <property name="java.vm.specification.vendor" value="Oracle Corporation" />
    <property name="os.name" value="Linux" />
    <property name="ant.home" value="/home/shwetambara/eclipse/plugins/org.apache.ant_1.8.4.v201303080030" />
    <property name="eclipse.pdebuild.templates" value="/home/shwetambara/eclipse/plugins/org.eclipse.pde.build_3.8.100.v20130514-1028/templates//" />
    <property name="build.dir" value="/home/shwetambara/workspace/AUT/src/myTests/bin" />
    <property name="ant.project.name" value="Ant-Test" />
    <property name="sun.jnu.encoding" value="UTF-8" />
    <property name="java.library.path" value="/usr/lib/jvm/java-7-openjdk-i386/jre/lib/i386/client:/usr/lib/jvm/java-7-openjdk-i386/jre/lib/i386::/usr/java/packages/lib/i386:/usr/lib/jni:/lib:/usr/lib:/home/shwetambara/eclipse/configuration/org.eclipse.osgi/bundles/207/1/.cp" />
    <property name="ant.file.Ant-Test" value="/home/shwetambara/workspace/AUT/src/myTests/build.xml" />
    <property name="eclipse.pdebuild.home" value="/home/shwetambara/eclipse/plugins/org.eclipse.pde.build_3.8.100.v20130514-1028/.//" />
    <property name="java.class.version" value="51.0" />
    <property name="java.specification.name" value="Java Platform API Specification" />
    <property name="test.report.dir" value="/home/shwetambara/workspace/AUT/src/myTests/testreport" />
    <property name="sun.management.compiler" value="HotSpot Tiered Compilers" />
    <property name="os.version" value="3.2.0-35-generic-pae" />
    <property name="ant.file" value="/home/shwetambara/workspace/AUT/src/myTests/build.xml" />
    <property name="user.home" value="/home/shwetambara" />
    <property name="user.timezone" value="" />
    <property name="java.awt.printerjob" value="sun.print.PSPrinterJob" />
    <property name="java.specification.version" value="1.7" />
    <property name="file.encoding" value="UTF-8" />
    <property name="java.class.path" value="/home/shwetambara/eclipse/plugins/org.apache.ant_1.8.4.v201303080030/lib/ant-antlr.jar:/home/shwetambara/eclipse/plugins/org.apache.ant_1.8.4.v201303080030/lib/ant-apache-bcel.jar:/home/shwetambara/eclipse/plugins/org.apache.ant_1.8.4.v201303080030/lib/ant-apache-bsf.jar:/home/shwetambara/eclipse/plugins/org.apache.ant_1.8.4.v201303080030/lib/ant-apache-log4j.jar:/home/shwetambara/eclipse/plugins/org.apache.ant_1.8.4.v201303080030/lib/ant-apache-oro.jar:/home/shwetambara/eclipse/plugins/org.apache.ant_1.8.4.v201303080030/lib/ant-apache-regexp.jar:/home/shwetambara/eclipse/plugins/org.apache.ant_1.8.4.v201303080030/lib/ant-apache-resolver.jar:/home/shwetambara/eclipse/plugins/org.apache.ant_1.8.4.v201303080030/lib/ant-apache-xalan2.jar:/home/shwetambara/eclipse/plugins/org.apache.ant_1.8.4.v201303080030/lib/ant-commons-logging.jar:/home/shwetambara/eclipse/plugins/org.apache.ant_1.8.4.v201303080030/lib/ant-commons-net.jar:/home/shwetambara/eclipse/plugins/org.apache.ant_1.8.4.v201303080030/lib/ant-jai.jar:/home/shwetambara/eclipse/plugins/org.apache.ant_1.8.4.v201303080030/lib/ant-javamail.jar:/home/shwetambara/eclipse/plugins/org.apache.ant_1.8.4.v201303080030/lib/ant-jdepend.jar:/home/shwetambara/eclipse/plugins/org.apache.ant_1.8.4.v201303080030/lib/ant-jmf.jar:/home/shwetambara/eclipse/plugins/org.apache.ant_1.8.4.v201303080030/lib/ant-jsch.jar:/home/shwetambara/eclipse/plugins/org.apache.ant_1.8.4.v201303080030/lib/ant-junit.jar:/home/shwetambara/eclipse/plugins/org.apache.ant_1.8.4.v201303080030/lib/ant-junit4.jar:/home/shwetambara/eclipse/plugins/org.apache.ant_1.8.4.v201303080030/lib/ant-launcher.jar:/home/shwetambara/eclipse/plugins/org.apache.ant_1.8.4.v201303080030/lib/ant-netrexx.jar:/home/shwetambara/eclipse/plugins/org.apache.ant_1.8.4.v201303080030/lib/ant-swing.jar:/home/shwetambara/eclipse/plugins/org.apache.ant_1.8.4.v201303080030/lib/ant-testutil.jar:/home/shwetambara/eclipse/plugins/org.apache.ant_1.8.4.v201303080030/lib/ant.jar:/home/shwetambara/eclipse/configuration/org.eclipse.osgi/bundles/28/1/.cp/lib/antdebug.jar:/home/shwetambara/eclipse/configuration/org.eclipse.osgi/bundles/28/1/.cp/lib/remote.jar:/home/shwetambara/eclipse/configuration/org.eclipse.osgi/bundles/29/1/.cp/lib/remoteAnt.jar:/usr/lib/jvm/java-7-openjdk-i386/lib/tools.jar:/home/shwetambara/junit-4.10.jar:/home/shwetambara/eclipse/plugins/org.eclipse.swt.gtk.linux.x86_3.102.1.v20140206-1358.jar" />
    <property name="user.name" value="shwetambara" />
    <property name="java.vm.specification.version" value="1.7" />
    <property name="sun.java.command" value="org.eclipse.ant.internal.launching.remote.InternalAntRunner -Dorg.eclipse.ant.core.ANT_PROCESS_ID=1402992306978 -Declipse.connect.port=47465 -Declipse.pdebuild.home=/home/shwetambara/eclipse/plugins/org.eclipse.pde.build_3.8.100.v20130514-1028/.// -Declipse.pdebuild.scripts=/home/shwetambara/eclipse/plugins/org.eclipse.pde.build_3.8.100.v20130514-1028/scripts// -Declipse.pdebuild.templates=/home/shwetambara/eclipse/plugins/org.eclipse.pde.build_3.8.100.v20130514-1028/templates// -Dant.home=/home/shwetambara/eclipse/plugins/org.apache.ant_1.8.4.v201303080030 -logger org.eclipse.ant.internal.launching.remote.logger.RemoteAntBuildLogger -inputhandler org.eclipse.ant.internal.ui.antsupport.inputhandler.ProxyInputHandler -buildfile /home/shwetambara/workspace/AUT/src/myTests/build.xml" />
    <property name="sun.arch.data.model" value="32" />
    <property name="java.home" value="/usr/lib/jvm/java-7-openjdk-i386/jre" />
    <property name="java.specification.vendor" value="Oracle Corporation" />
    <property name="user.language" value="en" />
    <property name="awt.toolkit" value="sun.awt.X11.XToolkit" />
    <property name="test.dir" value="/home/shwetambara/workspace/AUT/src/myTests/src" />
    <property name="java.vm.info" value="mixed mode" />
    <property name="java.version" value="1.7.0_09" />
    <property name="java.ext.dirs" value="/usr/lib/jvm/java-7-openjdk-i386/jre/lib/ext:/usr/java/packages/lib/ext" />
    <property name="sun.boot.class.path" value="/usr/lib/jvm/java-7-openjdk-i386/jre/lib/resources.jar:/usr/lib/jvm/java-7-openjdk-i386/jre/lib/rt.jar:/usr/lib/jvm/java-7-openjdk-i386/jre/lib/sunrsasign.jar:/usr/lib/jvm/java-7-openjdk-i386/jre/lib/jsse.jar:/usr/lib/jvm/java-7-openjdk-i386/jre/lib/jce.jar:/usr/lib/jvm/java-7-openjdk-i386/jre/lib/charsets.jar:/usr/lib/jvm/java-7-openjdk-i386/jre/lib/netx.jar:/usr/lib/jvm/java-7-openjdk-i386/jre/lib/plugin.jar:/usr/lib/jvm/java-7-openjdk-i386/jre/lib/rhino.jar:/usr/lib/jvm/java-7-openjdk-i386/jre/lib/jfr.jar:/usr/lib/jvm/java-7-openjdk-i386/jre/classes" />
    <property name="java.vendor" value="Oracle Corporation" />
    <property name="file.separator" value="/" />
    <property name="src.dir" value="/home/shwetambara/workspace/AUT/src/myTests/src" />
    <property name="java.vendor.url.bug" value="http://bugreport.sun.com/bugreport/" />
    <property name="sun.cpu.endian" value="little" />
    <property name="sun.io.unicode.encoding" value="UnicodeLittle" />
    <property name="ant.file.type.Ant-Test" value="file" />
    <property name="sun.desktop" value="gnome" />
    <property name="sun.cpu.isalist" value="" />
  </properties>
  <error message="Test2.java" type="java.lang.ClassNotFoundException">java.lang.ClassNotFoundException: Test2.java
	at java.net.URLClassLoader$1.run(URLClassLoader.java:366)
	at java.net.URLClassLoader$1.run(URLClassLoader.java:355)
	at java.security.AccessController.doPrivileged(Native Method)
	at java.net.URLClassLoader.findClass(URLClassLoader.java:354)
	at java.lang.ClassLoader.loadClass(ClassLoader.java:423)
	at sun.misc.Launcher$AppClassLoader.loadClass(Launcher.java:308)
	at java.lang.ClassLoader.loadClass(ClassLoader.java:356)
	at java.lang.Class.forName0(Native Method)
	at java.lang.Class.forName(Class.java:186)
	at org.eclipse.ant.internal.launching.remote.EclipseDefaultExecutor.executeTargets(EclipseDefaultExecutor.java:32)
	at org.eclipse.ant.internal.launching.remote.InternalAntRunner.run(InternalAntRunner.java:424)
	at org.eclipse.ant.internal.launching.remote.InternalAntRunner.main(InternalAntRunner.java:138)
</error>
  <system-out><![CDATA[]]></system-out>
  <system-err><![CDATA[]]></system-err>
</testsuite>
